<?xml version="1.0" encoding="UTF-8"?>
<testsuite name="runners.ExitoRunner" tests="0" skipped="0" failures="0" errors="0" timestamp="1970-01-01T00:00:00" hostname="CHMEPCZ4KDL3" time="0.0">
  <properties/>
  <system-out><![CDATA[08:24:04.874 [Test worker] INFO io.cucumber.core.plugin.SerenityReporter - Running feature from file:///C:/Users/jmolinab/Documents/Prueba%20tecnica%20Choucair/AutomatizacionWebExito/src/test/resources/features/exito.feature
08:24:05.011 [Test worker] INFO  - 

-------------------------------------------------------------------------------------
     _______. _______ .______       _______ .__   __.  __  .___________.____    ____ 
    /       ||   ____||   _  \     |   ____||  \ |  | |  | |           |\   \  /   / 
   |   (----`|  |__   |  |_)  |    |  |__   |   \|  | |  | `---|  |----` \   \/   /  
    \   \    |   __|  |      /     |   __|  |  . `  | |  |     |  |       \_    _/   
.----)   |   |  |____ |  |\  \----.|  |____ |  |\   | |  |     |  |         |  |     
|_______/    |_______|| _| `._____||_______||__| \__| |__|     |__|         |__|    
                                                                                     
 News and tutorials at http://www.serenity-bdd.info                                  
 Documentation at https://wakaleo.gitbooks.io/the-serenity-book/content/             
 Join the Serenity Community on Gitter: https://gitter.im/serenity-bdd/serenity-core 
 Serenity BDD Support and Training at http://serenity-bdd.info/#/trainingandsupport  
-------------------------------------------------------------------------------------

08:24:05.011 [Test worker] DEBUG net.thucydides.core.steps.StepEventBus - Test suite started for story net.thucydides.core.model.Story@97c1d10b
08:24:05.011 [Test worker] INFO  - Test Suite Started: Exito test
08:24:05.058 [Test worker] INFO io.cucumber.core.plugin.SerenityReporter - Running feature from file:///C:/Users/jmolinab/Documents/Prueba%20tecnica%20Choucair/AutomatizacionWebExito/src/test/resources/features/exito.feature
08:24:05.058 [Test worker] DEBUG net.thucydides.core.steps.StepEventBus - Test suite started for story net.thucydides.core.model.Story@97c1d10b
08:24:05.058 [Test worker] INFO  - Test Suite Started: Exito test
08:24:43.250 [Test worker] DEBUG net.thucydides.core.reports.ReportService - Reporting formats: [JSON, HTML]
08:24:43.340 [AsyncHttpClient-1-1] DEBUG org.asynchttpclient.netty.channel.DefaultChannelPool - Entry count for : http://localhost:54306 : 1
08:24:43.340 [AsyncHttpClient-1-1] DEBUG org.asynchttpclient.netty.channel.DefaultChannelPool - Entry count for : http://localhost:63073 : 1
08:24:43.340 [AsyncHttpClient-1-1] DEBUG org.asynchttpclient.netty.channel.DefaultChannelPool - Entry count for : http://localhost:61423 : 1
08:24:43.340 [AsyncHttpClient-1-1] DEBUG org.asynchttpclient.netty.channel.DefaultChannelPool - Adding Candidate expired Channel [id: 0x01ca4d0f, L:/127.0.0.1:61434 ! R:localhost/127.0.0.1:54306] isIdleTimeoutExpired=false isRemotelyClosed=true isTtlExpired=false
08:24:43.340 [AsyncHttpClient-1-1] DEBUG org.asynchttpclient.netty.channel.DefaultChannelPool - Closing Idle Channel [id: 0x01ca4d0f, L:/127.0.0.1:61434 ! R:localhost/127.0.0.1:54306]
08:24:43.340 [AsyncHttpClient-1-1] DEBUG org.asynchttpclient.netty.channel.DefaultChannelPool - Closed 1 connections out of 3 in 0 ms
08:24:43.445 [Test worker] DEBUG net.thucydides.core.reports.ReportService - Reporting formats: [JSON, HTML]
08:24:43.476 [Test worker] DEBUG net.thucydides.core.reports.ReportService - Generating reports for 1 test outcomes using: net.thucydides.core.reports.json.JSONTestOutcomeReporter@35b3c1f6
08:24:43.477 [pool-1-thread-1] DEBUG net.thucydides.core.reports.ReportService - Processing test outcome Exito test:Selection of random products
08:24:43.477 [pool-1-thread-1] DEBUG net.thucydides.core.reports.ReportService - net.thucydides.core.reports.json.JSONTestOutcomeReporter@35b3c1f6: Generating report for test outcome: Exito test:Selection of random products
08:24:43.477 [pool-1-thread-1] DEBUG net.thucydides.core.reports.json.JSONTestOutcomeReporter - Generating JSON report for Selection of random products to file C:\Users\jmolinab\Documents\Prueba tecnica Choucair\AutomatizacionWebExito\target\site\serenity\78da3fe7501c05b6f801f99c830e44c6450cfbb510c66f3127f63e8714c5e0a6.json (using temp file C:\Users\jmolinab\Documents\Prueba tecnica Choucair\AutomatizacionWebExito\target\site\serenity\78da3fe7501c05b6f801f99c830e44c6450cfbb510c66f3127f63e8714c5e0a6.json498a30a9-ba6f-494e-bbe4-c05fb3dc7902)
08:24:43.557 [pool-1-thread-1] DEBUG net.thucydides.core.reports.ReportService - Processing test outcome Exito test:Selection of random products done
08:24:43.557 [Test worker] DEBUG net.thucydides.core.reports.ReportService - Shutting down executor service
08:24:43.558 [Test worker] DEBUG net.thucydides.core.reports.ReportService - Reports generated in: 81 ms
08:24:43.558 [Test worker] DEBUG net.thucydides.core.reports.ReportService - Generating reports for 1 test outcomes using: net.thucydides.core.reports.html.HtmlAcceptanceTestReporter@638977e0
08:24:43.559 [pool-2-thread-1] DEBUG net.thucydides.core.reports.ReportService - Processing test outcome Exito test:Selection of random products
08:24:43.559 [pool-2-thread-1] DEBUG net.thucydides.core.reports.ReportService - net.thucydides.core.reports.html.HtmlAcceptanceTestReporter@638977e0: Generating report for test outcome: Exito test:Selection of random products
08:24:44.638 [AsyncHttpClient-1-1] DEBUG org.asynchttpclient.netty.channel.DefaultChannelPool - Entry count for : http://localhost:63073 : 1
08:24:44.644 [AsyncHttpClient-1-1] DEBUG org.asynchttpclient.netty.channel.DefaultChannelPool - Entry count for : http://localhost:61423 : 1
08:24:45.417 [pool-2-thread-1] DEBUG net.thucydides.core.reports.ReportService - Processing test outcome Exito test:Selection of random products done
08:24:45.417 [Test worker] DEBUG net.thucydides.core.reports.ReportService - Shutting down executor service
08:24:45.417 [Test worker] DEBUG net.thucydides.core.reports.ReportService - Reports generated in: 1859 ms
08:24:45.493 [Test worker] DEBUG net.serenitybdd.core.photography.Darkroom - Closing darkroom
08:24:45.493 [Darkroom Processing Line] DEBUG net.serenitybdd.core.photography.DarkroomProcessingLine - Darkroom processing line shutting down
08:24:45.745 [AsyncHttpClient-1-1] DEBUG org.asynchttpclient.netty.channel.DefaultChannelPool - Entry count for : http://localhost:63073 : 1
08:24:45.745 [AsyncHttpClient-1-1] DEBUG org.asynchttpclient.netty.channel.DefaultChannelPool - Entry count for : http://localhost:61423 : 1
08:24:46.836 [AsyncHttpClient-1-1] DEBUG org.asynchttpclient.netty.channel.DefaultChannelPool - Entry count for : http://localhost:63073 : 1
08:24:46.836 [AsyncHttpClient-1-1] DEBUG org.asynchttpclient.netty.channel.DefaultChannelPool - Entry count for : http://localhost:61423 : 1
08:24:47.937 [AsyncHttpClient-1-1] DEBUG org.asynchttpclient.netty.channel.DefaultChannelPool - Entry count for : http://localhost:63073 : 1
08:24:47.937 [AsyncHttpClient-1-1] DEBUG org.asynchttpclient.netty.channel.DefaultChannelPool - Entry count for : http://localhost:61423 : 1
08:24:49.037 [AsyncHttpClient-1-1] DEBUG org.asynchttpclient.netty.channel.DefaultChannelPool - Entry count for : http://localhost:63073 : 1
08:24:49.037 [AsyncHttpClient-1-1] DEBUG org.asynchttpclient.netty.channel.DefaultChannelPool - Entry count for : http://localhost:61423 : 1
08:24:49.052 [Test worker] DEBUG net.serenitybdd.core.photography.Darkroom - Closing darkroom
]]></system-out>
  <system-err><![CDATA[?[32m?[1m?????????????????????????????????????????????????????????????????????????????[0m
?[32m?[1m??[0m View your Cucumber Report at:                                            ?[32m?[1m??[0m
?[32m?[1m??[0m ?[1m?[36m?[4mhttps://reports.cucumber.io/reports/0e14fa46-f9e4-4691-bb59-9317d965f39b?[0m ?[32m?[1m??[0m
?[32m?[1m??[0m                                                                          ?[32m?[1m??[0m
?[32m?[1m??[0m ?[1mThis report will self-destruct in 24h.?[0m                                   ?[32m?[1m??[0m
?[32m?[1m??[0m Keep reports forever: ?[4m?[1m?[36mhttps://reports.cucumber.io/profile?[0m                ?[32m?[1m??[0m
?[32m?[1m?????????????????????????????????????????????????????????????????????????????[0m]]></system-err>
</testsuite>
