<?xml version="1.0" encoding="UTF-8"?>
<testsuite name="runners.ExitoRunner" tests="0" skipped="0" failures="0" errors="0" timestamp="1970-01-01T00:00:00" hostname="CHMEPCZ4KDL3" time="0.0">
  <properties/>
  <system-out><![CDATA[10:47:48.584 [Test worker] INFO io.cucumber.core.plugin.SerenityReporter - Running feature from file:///C:/Users/jmolinab/Documents/Prueba%20tecnica%20Choucair/AutomatizacionWebExito/src/test/resources/features/exito.feature
10:47:48.742 [Test worker] INFO  - 

-------------------------------------------------------------------------------------
     _______. _______ .______       _______ .__   __.  __  .___________.____    ____ 
    /       ||   ____||   _  \     |   ____||  \ |  | |  | |           |\   \  /   / 
   |   (----`|  |__   |  |_)  |    |  |__   |   \|  | |  | `---|  |----` \   \/   /  
    \   \    |   __|  |      /     |   __|  |  . `  | |  |     |  |       \_    _/   
.----)   |   |  |____ |  |\  \----.|  |____ |  |\   | |  |     |  |         |  |     
|_______/    |_______|| _| `._____||_______||__| \__| |__|     |__|         |__|    
                                                                                     
 News and tutorials at http://www.serenity-bdd.info                                  
 Documentation at https://wakaleo.gitbooks.io/the-serenity-book/content/             
 Join the Serenity Community on Gitter: https://gitter.im/serenity-bdd/serenity-core 
 Serenity BDD Support and Training at http://serenity-bdd.info/#/trainingandsupport  
-------------------------------------------------------------------------------------

10:47:48.746 [Test worker] DEBUG net.thucydides.core.steps.StepEventBus - Test suite started for story net.thucydides.core.model.Story@97c1d10b
10:47:48.746 [Test worker] INFO  - Test Suite Started: Exito test
10:47:48.796 [Test worker] INFO io.cucumber.core.plugin.SerenityReporter - Running feature from file:///C:/Users/jmolinab/Documents/Prueba%20tecnica%20Choucair/AutomatizacionWebExito/src/test/resources/features/exito.feature
10:47:48.800 [Test worker] DEBUG net.thucydides.core.steps.StepEventBus - Test suite started for story net.thucydides.core.model.Story@97c1d10b
10:47:48.800 [Test worker] INFO  - Test Suite Started: Exito test
10:48:21.412 [Test worker] DEBUG net.thucydides.core.reports.ReportService - Reporting formats: [JSON, HTML]
10:48:21.439 [AsyncHttpClient-1-1] DEBUG org.asynchttpclient.netty.channel.DefaultChannelPool - Entry count for : http://localhost:53030 : 1
10:48:21.439 [AsyncHttpClient-1-1] DEBUG org.asynchttpclient.netty.channel.DefaultChannelPool - Entry count for : http://localhost:50784 : 1
10:48:21.439 [AsyncHttpClient-1-1] DEBUG org.asynchttpclient.netty.channel.DefaultChannelPool - Entry count for : http://localhost:62016 : 1
10:48:21.440 [AsyncHttpClient-1-1] DEBUG org.asynchttpclient.netty.channel.DefaultChannelPool - Adding Candidate expired Channel [id: 0x66780819, L:/127.0.0.1:53041 ! R:localhost/127.0.0.1:62016] isIdleTimeoutExpired=false isRemotelyClosed=true isTtlExpired=false
10:48:21.440 [AsyncHttpClient-1-1] DEBUG org.asynchttpclient.netty.channel.DefaultChannelPool - Closing Idle Channel [id: 0x66780819, L:/127.0.0.1:53041 ! R:localhost/127.0.0.1:62016]
10:48:21.440 [AsyncHttpClient-1-1] DEBUG org.asynchttpclient.netty.channel.DefaultChannelPool - Closed 1 connections out of 3 in 1 ms
10:48:21.521 [Test worker] DEBUG net.thucydides.core.reports.ReportService - Reporting formats: [JSON, HTML]
10:48:21.532 [Test worker] DEBUG net.thucydides.core.reports.ReportService - Generating reports for 1 test outcomes using: net.thucydides.core.reports.json.JSONTestOutcomeReporter@48d5ca17
10:48:21.532 [pool-1-thread-1] DEBUG net.thucydides.core.reports.ReportService - Processing test outcome Exito test:Selection of random products
10:48:21.532 [pool-1-thread-1] DEBUG net.thucydides.core.reports.ReportService - net.thucydides.core.reports.json.JSONTestOutcomeReporter@48d5ca17: Generating report for test outcome: Exito test:Selection of random products
10:48:21.534 [pool-1-thread-1] DEBUG net.thucydides.core.reports.json.JSONTestOutcomeReporter - Generating JSON report for Selection of random products to file C:\Users\jmolinab\Documents\Prueba tecnica Choucair\AutomatizacionWebExito\target\site\serenity\78da3fe7501c05b6f801f99c830e44c6450cfbb510c66f3127f63e8714c5e0a6.json (using temp file C:\Users\jmolinab\Documents\Prueba tecnica Choucair\AutomatizacionWebExito\target\site\serenity\78da3fe7501c05b6f801f99c830e44c6450cfbb510c66f3127f63e8714c5e0a6.json74ab79a0-a231-428c-ad5c-33d24305a5e7)
10:48:21.565 [pool-1-thread-1] DEBUG net.thucydides.core.reports.ReportService - Processing test outcome Exito test:Selection of random products done
10:48:21.565 [Test worker] DEBUG net.thucydides.core.reports.ReportService - Shutting down executor service
10:48:21.565 [Test worker] DEBUG net.thucydides.core.reports.ReportService - Reports generated in: 33 ms
10:48:21.565 [Test worker] DEBUG net.thucydides.core.reports.ReportService - Generating reports for 1 test outcomes using: net.thucydides.core.reports.html.HtmlAcceptanceTestReporter@1a819901
10:48:21.568 [pool-2-thread-1] DEBUG net.thucydides.core.reports.ReportService - Processing test outcome Exito test:Selection of random products
10:48:21.568 [pool-2-thread-1] DEBUG net.thucydides.core.reports.ReportService - net.thucydides.core.reports.html.HtmlAcceptanceTestReporter@1a819901: Generating report for test outcome: Exito test:Selection of random products
10:48:22.540 [AsyncHttpClient-1-1] DEBUG org.asynchttpclient.netty.channel.DefaultChannelPool - Entry count for : http://localhost:53030 : 1
10:48:22.540 [AsyncHttpClient-1-1] DEBUG org.asynchttpclient.netty.channel.DefaultChannelPool - Entry count for : http://localhost:50784 : 1
10:48:22.584 [pool-2-thread-1] DEBUG net.thucydides.core.reports.ReportService - Processing test outcome Exito test:Selection of random products done
10:48:22.584 [Test worker] DEBUG net.thucydides.core.reports.ReportService - Shutting down executor service
10:48:22.584 [Test worker] DEBUG net.thucydides.core.reports.ReportService - Reports generated in: 1019 ms
10:48:22.645 [Test worker] DEBUG net.serenitybdd.core.photography.Darkroom - Closing darkroom
10:48:22.645 [Darkroom Processing Line] DEBUG net.serenitybdd.core.photography.DarkroomProcessingLine - Darkroom processing line shutting down
10:48:23.646 [AsyncHttpClient-1-1] DEBUG org.asynchttpclient.netty.channel.DefaultChannelPool - Entry count for : http://localhost:53030 : 1
10:48:23.647 [AsyncHttpClient-1-1] DEBUG org.asynchttpclient.netty.channel.DefaultChannelPool - Entry count for : http://localhost:50784 : 1
10:48:24.743 [AsyncHttpClient-1-1] DEBUG org.asynchttpclient.netty.channel.DefaultChannelPool - Entry count for : http://localhost:53030 : 1
10:48:24.743 [AsyncHttpClient-1-1] DEBUG org.asynchttpclient.netty.channel.DefaultChannelPool - Entry count for : http://localhost:50784 : 1
10:48:25.018 [Test worker] DEBUG net.serenitybdd.core.photography.Darkroom - Closing darkroom
]]></system-out>
  <system-err><![CDATA[?[32m?[1m?????????????????????????????????????????????????????????????????????????????[0m
?[32m?[1m??[0m View your Cucumber Report at:                                            ?[32m?[1m??[0m
?[32m?[1m??[0m ?[1m?[36m?[4mhttps://reports.cucumber.io/reports/6e59375b-18e2-4295-b3d1-239d489a044d?[0m ?[32m?[1m??[0m
?[32m?[1m??[0m                                                                          ?[32m?[1m??[0m
?[32m?[1m??[0m ?[1mThis report will self-destruct in 24h.?[0m                                   ?[32m?[1m??[0m
?[32m?[1m??[0m Keep reports forever: ?[4m?[1m?[36mhttps://reports.cucumber.io/profile?[0m                ?[32m?[1m??[0m
?[32m?[1m?????????????????????????????????????????????????????????????????????????????[0m]]></system-err>
</testsuite>
